<?xml version="1.0" encoding="UTF-8"?>
<!-- Generated by org.testng.reporters.JUnitReportReporter -->
<testsuite hostname="DESKTOP-9P8UNRB" failures="0" tests="1" name="testCases.BaseClass" time="1.127" errors="0" timestamp="2024-10-13T08:42:29 IST" skipped="0">
  <testcase classname="testCases.BaseClass" name="verify_Login" time="1.127"/>
</testsuite> <!-- testCases.BaseClass -->
