<?xml version="1.0" encoding="UTF-8"?>
<!-- Generated by org.testng.reporters.JUnitReportReporter -->
<testsuite hostname="DESKTOP-9P8UNRB" failures="0" tests="1" name="TestCases.TC003_LogoutTest" time="75.031" errors="0" timestamp="2024-10-26T10:39:21 IST" skipped="0">
  <testcase classname="TestCases.TC003_LogoutTest" name="logoutTest" time="75.031"/>
</testsuite> <!-- TestCases.TC003_LogoutTest -->
