<?xml version="1.0" encoding="UTF-8"?>
<!-- Generated by org.testng.reporters.JUnitReportReporter -->
<testsuite hostname="DESKTOP-9P8UNRB" failures="0" tests="1" name="testCases.TC001_LoginTest" time="1.174" errors="0" timestamp="2024-10-13T14:54:23 IST" skipped="0">
  <testcase classname="testCases.TC001_LoginTest" name="verify_Login" time="1.174"/>
</testsuite> <!-- testCases.TC001_LoginTest -->
