<?xml version="1.0" encoding="UTF-8"?>
<!-- Generated by org.testng.reporters.JUnitReportReporter -->
<testsuite hostname="DESKTOP-9P8UNRB" failures="0" tests="1" name="testCases.TestCase002_LoginTest" time="1.060" errors="0" timestamp="2024-10-13T16:19:45 IST" skipped="0">
  <testcase classname="testCases.TestCase002_LoginTest" name="verify_Login" time="1.060"/>
</testsuite> <!-- testCases.TestCase002_LoginTest -->
