<?xml version="1.0" encoding="UTF-8"?>
<!-- Generated by org.testng.reporters.JUnitReportReporter -->
<testsuite hostname="DESKTOP-9P8UNRB" failures="0" tests="1" name="TestCases.TC001_LandingPageTest" time="0.180" errors="0" timestamp="2024-10-26T12:15:01 IST" skipped="0">
  <testcase classname="TestCases.TC001_LandingPageTest" name="logoTest" time="0.180"/>
</testsuite> <!-- TestCases.TC001_LandingPageTest -->
