<?xml version="1.0" encoding="UTF-8"?>
<!-- Generated by org.testng.reporters.JUnitReportReporter -->
<testsuite hostname="DESKTOP-9P8UNRB" failures="0" tests="1" name="testCases.TC0001_LandingPageTest" time="1.063" errors="0" timestamp="2024-10-13T15:25:18 IST" skipped="0">
  <testcase classname="testCases.TC0001_LandingPageTest" name="verify_Login" time="1.063"/>
</testsuite> <!-- testCases.TC0001_LandingPageTest -->
