<?xml version="1.0" encoding="UTF-8"?>
<!-- Generated by org.testng.reporters.JUnitReportReporter -->
<testsuite hostname="DESKTOP-9P8UNRB" failures="0" tests="1" name="TestCases.TC001_LogoTest" time="0.071" errors="0" timestamp="2024-10-15T08:29:09 IST" skipped="0">
  <testcase classname="TestCases.TC001_LogoTest" name="logoTest" time="0.071"/>
</testsuite> <!-- TestCases.TC001_LogoTest -->
